<?xml version="1.0" encoding="UTF-8"?>
<testsuite xmlns:xsi="http://www.w3.org/2001/XMLSchema-instance" xsi:noNamespaceSchemaLocation="https://maven.apache.org/surefire/maven-surefire-plugin/xsd/surefire-test-report-3.0.xsd" version="3.0" name="com.mycompany.datarose.CaseConversionTest" time="0.21" tests="21" errors="2" skipped="0" failures="19">
  <properties>
[...]
</properties>
  <testcase name="testConvertTitleToAllLower" classname="com.mycompany.datarose.CaseConversionTest" time="0.09">
    <failure message="The test case is a prototype." type="org.opentest4j.AssertionFailedError"><![CDATA[org.opentest4j.AssertionFailedError: The test case is a prototype.
	at org.junit.jupiter.api.AssertionUtils.fail(AssertionUtils.java:38)
	at org.junit.jupiter.api.Assertions.fail(Assertions.java:138)
	at com.mycompany.datarose.CaseConversionTest.testConvertTitleToAllLower(CaseConversionTest.java:167)
	at java.base/java.lang.reflect.Method.invoke(Method.java:568)
	at java.base/java.util.ArrayList.forEach(ArrayList.java:1511)
	at java.base/java.util.ArrayList.forEach(ArrayList.java:1511)
]]></failure>
    <system-out><![CDATA[convertTitleToAllLower
]]></system-out>
  </testcase>
  <testcase name="testConvertTitleToAllUpper" classname="com.mycompany.datarose.CaseConversionTest" time="0.005">
    <failure message="The test case is a prototype." type="org.opentest4j.AssertionFailedError"><![CDATA[org.opentest4j.AssertionFailedError: The test case is a prototype.
	at org.junit.jupiter.api.AssertionUtils.fail(AssertionUtils.java:38)
	at org.junit.jupiter.api.Assertions.fail(Assertions.java:138)
	at com.mycompany.datarose.CaseConversionTest.testConvertTitleToAllUpper(CaseConversionTest.java:153)
	at java.base/java.lang.reflect.Method.invoke(Method.java:568)
	at java.base/java.util.ArrayList.forEach(ArrayList.java:1511)
	at java.base/java.util.ArrayList.forEach(ArrayList.java:1511)
]]></failure>
    <system-out><![CDATA[convertTitleToAllUpper
]]></system-out>
  </testcase>
  <testcase name="testConvertChaoticToTitle" classname="com.mycompany.datarose.CaseConversionTest" time="0.004">
    <failure message="The test case is a prototype." type="org.opentest4j.AssertionFailedError"><![CDATA[org.opentest4j.AssertionFailedError: The test case is a prototype.
	at org.junit.jupiter.api.AssertionUtils.fail(AssertionUtils.java:38)
	at org.junit.jupiter.api.Assertions.fail(Assertions.java:138)
	at com.mycompany.datarose.CaseConversionTest.testConvertChaoticToTitle(CaseConversionTest.java:350)
	at java.base/java.lang.reflect.Method.invoke(Method.java:568)
	at java.base/java.util.ArrayList.forEach(ArrayList.java:1511)
	at java.base/java.util.ArrayList.forEach(ArrayList.java:1511)
]]></failure>
    <system-out><![CDATA[convertChaoticToTitle
]]></system-out>
  </testcase>
  <testcase name="testConvertCase" classname="com.mycompany.datarose.CaseConversionTest" time="0.005">
    <error message="Cannot invoke &quot;com.mycompany.datarose.CaseType.ordinal()&quot; because &quot;sourceCaseType&quot; is null" type="java.lang.NullPointerException"><![CDATA[java.lang.NullPointerException: Cannot invoke "com.mycompany.datarose.CaseType.ordinal()" because "sourceCaseType" is null
	at com.mycompany.datarose.CaseConversion.convertCase(CaseConversion.java:128)
	at com.mycompany.datarose.CaseConversionTest.testConvertCase(CaseConversionTest.java:121)
	at java.base/java.lang.reflect.Method.invoke(Method.java:568)
	at java.base/java.util.ArrayList.forEach(ArrayList.java:1511)
	at java.base/java.util.ArrayList.forEach(ArrayList.java:1511)
]]></error>
    <system-out><![CDATA[convertCase
]]></system-out>
  </testcase>
  <testcase name="testIsTitleCase" classname="com.mycompany.datarose.CaseConversionTest" time="0.003">
    <failure message="The test case is a prototype." type="org.opentest4j.AssertionFailedError"><![CDATA[org.opentest4j.AssertionFailedError: The test case is a prototype.
	at org.junit.jupiter.api.AssertionUtils.fail(AssertionUtils.java:38)
	at org.junit.jupiter.api.Assertions.fail(Assertions.java:138)
	at com.mycompany.datarose.CaseConversionTest.testIsTitleCase(CaseConversionTest.java:66)
	at java.base/java.lang.reflect.Method.invoke(Method.java:568)
	at java.base/java.util.ArrayList.forEach(ArrayList.java:1511)
	at java.base/java.util.ArrayList.forEach(ArrayList.java:1511)
]]></failure>
    <system-out><![CDATA[isTitleCase
]]></system-out>
  </testcase>
  <testcase name="testCapitalizeFirstLetter" classname="com.mycompany.datarose.CaseConversionTest" time="0.003">
    <failure message="The test case is a prototype." type="org.opentest4j.AssertionFailedError"><![CDATA[org.opentest4j.AssertionFailedError: The test case is a prototype.
	at org.junit.jupiter.api.AssertionUtils.fail(AssertionUtils.java:38)
	at org.junit.jupiter.api.Assertions.fail(Assertions.java:138)
	at com.mycompany.datarose.CaseConversionTest.testCapitalizeFirstLetter(CaseConversionTest.java:308)
	at java.base/java.lang.reflect.Method.invoke(Method.java:568)
	at java.base/java.util.ArrayList.forEach(ArrayList.java:1511)
	at java.base/java.util.ArrayList.forEach(ArrayList.java:1511)
]]></failure>
    <system-out><![CDATA[capitalizeFirstLetter
]]></system-out>
  </testcase>
  <testcase name="testConvertAllUpperToTitle" classname="com.mycompany.datarose.CaseConversionTest" time="0.002">
    <failure message="The test case is a prototype." type="org.opentest4j.AssertionFailedError"><![CDATA[org.opentest4j.AssertionFailedError: The test case is a prototype.
	at org.junit.jupiter.api.AssertionUtils.fail(AssertionUtils.java:38)
	at org.junit.jupiter.api.Assertions.fail(Assertions.java:138)
	at com.mycompany.datarose.CaseConversionTest.testConvertAllUpperToTitle(CaseConversionTest.java:252)
	at java.base/java.lang.reflect.Method.invoke(Method.java:568)
	at java.base/java.util.ArrayList.forEach(ArrayList.java:1511)
	at java.base/java.util.ArrayList.forEach(ArrayList.java:1511)
]]></failure>
    <system-out><![CDATA[convertAllUpperToTitle
]]></system-out>
  </testcase>
  <testcase name="testIsAllLowerCase" classname="com.mycompany.datarose.CaseConversionTest" time="0.001">
    <failure message="The test case is a prototype." type="org.opentest4j.AssertionFailedError"><![CDATA[org.opentest4j.AssertionFailedError: The test case is a prototype.
	at org.junit.jupiter.api.AssertionUtils.fail(AssertionUtils.java:38)
	at org.junit.jupiter.api.Assertions.fail(Assertions.java:138)
	at com.mycompany.datarose.CaseConversionTest.testIsAllLowerCase(CaseConversionTest.java:94)
	at java.base/java.lang.reflect.Method.invoke(Method.java:568)
	at java.base/java.util.ArrayList.forEach(ArrayList.java:1511)
	at java.base/java.util.ArrayList.forEach(ArrayList.java:1511)
]]></failure>
    <system-out><![CDATA[isAllLowerCase
]]></system-out>
  </testcase>
  <testcase name="testAutoConvertCase" classname="com.mycompany.datarose.CaseConversionTest" time="0.003">
    <error message="Invalid sourceCaseType: UNKNOWN" type="java.lang.IllegalStateException"><![CDATA[java.lang.IllegalStateException: Invalid sourceCaseType: UNKNOWN
	at com.mycompany.datarose.CaseConversion.convertCase(CaseConversion.java:138)
	at com.mycompany.datarose.CaseConversion.autoConvertCase(CaseConversion.java:155)
	at com.mycompany.datarose.CaseConversionTest.testAutoConvertCase(CaseConversionTest.java:136)
	at java.base/java.lang.reflect.Method.invoke(Method.java:568)
	at java.base/java.util.ArrayList.forEach(ArrayList.java:1511)
	at java.base/java.util.ArrayList.forEach(ArrayList.java:1511)
]]></error>
    <system-out><![CDATA[autoConvertCase
]]></system-out>
  </testcase>
  <testcase name="testConvertConstantToTitle" classname="com.mycompany.datarose.CaseConversionTest" time="0.001">
    <failure message="The test case is a prototype." type="org.opentest4j.AssertionFailedError"><![CDATA[org.opentest4j.AssertionFailedError: The test case is a prototype.
	at org.junit.jupiter.api.AssertionUtils.fail(AssertionUtils.java:38)
	at org.junit.jupiter.api.Assertions.fail(Assertions.java:138)
	at com.mycompany.datarose.CaseConversionTest.testConvertConstantToTitle(CaseConversionTest.java:280)
	at java.base/java.lang.reflect.Method.invoke(Method.java:568)
	at java.base/java.util.ArrayList.forEach(ArrayList.java:1511)
	at java.base/java.util.ArrayList.forEach(ArrayList.java:1511)
]]></failure>
    <system-out><![CDATA[convertConstantToTitle
]]></system-out>
  </testcase>
  <testcase name="testIsAllUpperCase" classname="com.mycompany.datarose.CaseConversionTest" time="0.002">
    <failure message="The test case is a prototype." type="org.opentest4j.AssertionFailedError"><![CDATA[org.opentest4j.AssertionFailedError: The test case is a prototype.
	at org.junit.jupiter.api.AssertionUtils.fail(AssertionUtils.java:38)
	at org.junit.jupiter.api.Assertions.fail(Assertions.java:138)
	at com.mycompany.datarose.CaseConversionTest.testIsAllUpperCase(CaseConversionTest.java:80)
	at java.base/java.lang.reflect.Method.invoke(Method.java:568)
	at java.base/java.util.ArrayList.forEach(ArrayList.java:1511)
	at java.base/java.util.ArrayList.forEach(ArrayList.java:1511)
]]></failure>
    <system-out><![CDATA[isAllUpperCase
]]></system-out>
  </testcase>
  <testcase name="testConvertCamelToTitle" classname="com.mycompany.datarose.CaseConversionTest" time="0.002">
    <failure message="The test case is a prototype." type="org.opentest4j.AssertionFailedError"><![CDATA[org.opentest4j.AssertionFailedError: The test case is a prototype.
	at org.junit.jupiter.api.AssertionUtils.fail(AssertionUtils.java:38)
	at org.junit.jupiter.api.Assertions.fail(Assertions.java:138)
	at com.mycompany.datarose.CaseConversionTest.testConvertCamelToTitle(CaseConversionTest.java:322)
	at java.base/java.lang.reflect.Method.invoke(Method.java:568)
	at java.base/java.util.ArrayList.forEach(ArrayList.java:1511)
	at java.base/java.util.ArrayList.forEach(ArrayList.java:1511)
]]></failure>
    <system-out><![CDATA[convertCamelToTitle
]]></system-out>
  </testcase>
  <testcase name="testConvertTitleToConstant" classname="com.mycompany.datarose.CaseConversionTest" time="0.002">
    <failure message="The test case is a prototype." type="org.opentest4j.AssertionFailedError"><![CDATA[org.opentest4j.AssertionFailedError: The test case is a prototype.
	at org.junit.jupiter.api.AssertionUtils.fail(AssertionUtils.java:38)
	at org.junit.jupiter.api.Assertions.fail(Assertions.java:138)
	at com.mycompany.datarose.CaseConversionTest.testConvertTitleToConstant(CaseConversionTest.java:195)
	at java.base/java.lang.reflect.Method.invoke(Method.java:568)
	at java.base/java.util.ArrayList.forEach(ArrayList.java:1511)
	at java.base/java.util.ArrayList.forEach(ArrayList.java:1511)
]]></failure>
    <system-out><![CDATA[convertTitleToConstant
]]></system-out>
  </testcase>
  <testcase name="testConvertTitleToCamel" classname="com.mycompany.datarose.CaseConversionTest" time="0.003">
    <failure message="The test case is a prototype." type="org.opentest4j.AssertionFailedError"><![CDATA[org.opentest4j.AssertionFailedError: The test case is a prototype.
	at org.junit.jupiter.api.AssertionUtils.fail(AssertionUtils.java:38)
	at org.junit.jupiter.api.Assertions.fail(Assertions.java:138)
	at com.mycompany.datarose.CaseConversionTest.testConvertTitleToCamel(CaseConversionTest.java:210)
	at java.base/java.lang.reflect.Method.invoke(Method.java:568)
	at java.base/java.util.ArrayList.forEach(ArrayList.java:1511)
	at java.base/java.util.ArrayList.forEach(ArrayList.java:1511)
]]></failure>
    <system-out><![CDATA[convertTitleToCamel
]]></system-out>
  </testcase>
  <testcase name="testConvertTitleToSnake" classname="com.mycompany.datarose.CaseConversionTest" time="0.008">
    <failure message="The test case is a prototype." type="org.opentest4j.AssertionFailedError"><![CDATA[org.opentest4j.AssertionFailedError: The test case is a prototype.
	at org.junit.jupiter.api.AssertionUtils.fail(AssertionUtils.java:38)
	at org.junit.jupiter.api.Assertions.fail(Assertions.java:138)
	at com.mycompany.datarose.CaseConversionTest.testConvertTitleToSnake(CaseConversionTest.java:224)
	at java.base/java.lang.reflect.Method.invoke(Method.java:568)
	at java.base/java.util.ArrayList.forEach(ArrayList.java:1511)
	at java.base/java.util.ArrayList.forEach(ArrayList.java:1511)
]]></failure>
    <system-out><![CDATA[convertTitleToSnake
]]></system-out>
  </testcase>
  <testcase name="testConvertSnakeToTitle" classname="com.mycompany.datarose.CaseConversionTest" time="0.003">
    <failure message="The test case is a prototype." type="org.opentest4j.AssertionFailedError"><![CDATA[org.opentest4j.AssertionFailedError: The test case is a prototype.
	at org.junit.jupiter.api.AssertionUtils.fail(AssertionUtils.java:38)
	at org.junit.jupiter.api.Assertions.fail(Assertions.java:138)
	at com.mycompany.datarose.CaseConversionTest.testConvertSnakeToTitle(CaseConversionTest.java:336)
	at java.base/java.lang.reflect.Method.invoke(Method.java:568)
	at java.base/java.util.ArrayList.forEach(ArrayList.java:1511)
	at java.base/java.util.ArrayList.forEach(ArrayList.java:1511)
]]></failure>
    <system-out><![CDATA[convertSnakeToTitle
]]></system-out>
  </testcase>
  <testcase name="testConvertSameToSame" classname="com.mycompany.datarose.CaseConversionTest" time="0.002">
    <failure message="The test case is a prototype." type="org.opentest4j.AssertionFailedError"><![CDATA[org.opentest4j.AssertionFailedError: The test case is a prototype.
	at org.junit.jupiter.api.AssertionUtils.fail(AssertionUtils.java:38)
	at org.junit.jupiter.api.Assertions.fail(Assertions.java:138)
	at com.mycompany.datarose.CaseConversionTest.testConvertSameToSame(CaseConversionTest.java:181)
	at java.base/java.lang.reflect.Method.invoke(Method.java:568)
	at java.base/java.util.ArrayList.forEach(ArrayList.java:1511)
	at java.base/java.util.ArrayList.forEach(ArrayList.java:1511)
]]></failure>
    <system-out><![CDATA[convertSameToSame
]]></system-out>
  </testcase>
  <testcase name="testConvertToTitleCaseIteratingChars" classname="com.mycompany.datarose.CaseConversionTest" time="0.003">
    <failure message="The test case is a prototype." type="org.opentest4j.AssertionFailedError"><![CDATA[org.opentest4j.AssertionFailedError: The test case is a prototype.
	at org.junit.jupiter.api.AssertionUtils.fail(AssertionUtils.java:38)
	at org.junit.jupiter.api.Assertions.fail(Assertions.java:138)
	at com.mycompany.datarose.CaseConversionTest.testConvertToTitleCaseIteratingChars(CaseConversionTest.java:294)
	at java.base/java.lang.reflect.Method.invoke(Method.java:568)
	at java.base/java.util.ArrayList.forEach(ArrayList.java:1511)
	at java.base/java.util.ArrayList.forEach(ArrayList.java:1511)
]]></failure>
    <system-out><![CDATA[convertToTitleCaseIteratingChars
]]></system-out>
  </testcase>
  <testcase name="testReturnCaseType" classname="com.mycompany.datarose.CaseConversionTest" time="0.003">
    <failure message="expected: &lt;null&gt; but was: &lt;UNKNOWN&gt;" type="org.opentest4j.AssertionFailedError"><![CDATA[org.opentest4j.AssertionFailedError: expected: <null> but was: <UNKNOWN>
	at org.junit.jupiter.api.AssertionFailureBuilder.build(AssertionFailureBuilder.java:151)
	at org.junit.jupiter.api.AssertionFailureBuilder.buildAndThrow(AssertionFailureBuilder.java:132)
	at org.junit.jupiter.api.AssertEquals.failNotEqual(AssertEquals.java:197)
	at org.junit.jupiter.api.AssertEquals.assertEquals(AssertEquals.java:182)
	at org.junit.jupiter.api.AssertEquals.assertEquals(AssertEquals.java:177)
	at org.junit.jupiter.api.Assertions.assertEquals(Assertions.java:1145)
	at com.mycompany.datarose.CaseConversionTest.testReturnCaseType(CaseConversionTest.java:106)
	at java.base/java.lang.reflect.Method.invoke(Method.java:568)
	at java.base/java.util.ArrayList.forEach(ArrayList.java:1511)
	at java.base/java.util.ArrayList.forEach(ArrayList.java:1511)
]]></failure>
    <system-out><![CDATA[returnCaseType
]]></system-out>
  </testcase>
  <testcase name="testConvertTitleToTitleSnake" classname="com.mycompany.datarose.CaseConversionTest" time="0.002">
    <failure message="The test case is a prototype." type="org.opentest4j.AssertionFailedError"><![CDATA[org.opentest4j.AssertionFailedError: The test case is a prototype.
	at org.junit.jupiter.api.AssertionUtils.fail(AssertionUtils.java:38)
	at org.junit.jupiter.api.Assertions.fail(Assertions.java:138)
	at com.mycompany.datarose.CaseConversionTest.testConvertTitleToTitleSnake(CaseConversionTest.java:238)
	at java.base/java.lang.reflect.Method.invoke(Method.java:568)
	at java.base/java.util.ArrayList.forEach(ArrayList.java:1511)
	at java.base/java.util.ArrayList.forEach(ArrayList.java:1511)
]]></failure>
    <system-out><![CDATA[convertTitleToTitleSnake
]]></system-out>
  </testcase>
  <testcase name="testConvertAllLowerToTitle" classname="com.mycompany.datarose.CaseConversionTest" time="0.002">
    <failure message="The test case is a prototype." type="org.opentest4j.AssertionFailedError"><![CDATA[org.opentest4j.AssertionFailedError: The test case is a prototype.
	at org.junit.jupiter.api.AssertionUtils.fail(AssertionUtils.java:38)
	at org.junit.jupiter.api.Assertions.fail(Assertions.java:138)
	at com.mycompany.datarose.CaseConversionTest.testConvertAllLowerToTitle(CaseConversionTest.java:266)
	at java.base/java.lang.reflect.Method.invoke(Method.java:568)
	at java.base/java.util.ArrayList.forEach(ArrayList.java:1511)
	at java.base/java.util.ArrayList.forEach(ArrayList.java:1511)
]]></failure>
    <system-out><![CDATA[convertAllLowerToTitle
]]></system-out>
  </testcase>
</testsuite>